CRITICAL - 2024-06-01 08:49:38 --> ErrorException: Undefined array key "BLOGGER_ID"
[Method: GET, Route: blog]
in APPPATH\Controllers\Home.php on line 15.
 1 APPPATH\Controllers\Home.php(15): CodeIgniter\Debug\Exceptions->errorHandler(2, 'Undefined array key "BLOGGER_ID"', 'C:\\xampp\\htdocs\\blogger\\app\\Controllers\\Home.php', 15)
 2 SYSTEMPATH\CodeIgniter.php(933): App\Controllers\Home->blog()
 3 SYSTEMPATH\CodeIgniter.php(509): CodeIgniter\CodeIgniter->runController(Object(App\Controllers\Home))
 4 SYSTEMPATH\CodeIgniter.php(355): CodeIgniter\CodeIgniter->handleRequest(null, Object(Config\Cache), false)
 5 SYSTEMPATH\Boot.php(312): CodeIgniter\CodeIgniter->run()
 6 SYSTEMPATH\Boot.php(67): CodeIgniter\Boot::runCodeIgniter(Object(CodeIgniter\CodeIgniter))
 7 FCPATH\index.php(56): CodeIgniter\Boot::bootWeb(Object(Config\Paths))
CRITICAL - 2024-06-01 08:51:22 --> CodeIgniter\View\Exceptions\ViewException: Invalid file: "header.php"
[Method: GET, Route: blog]
in SYSTEMPATH\Exceptions\FrameworkException.php on line 41.
 1 SYSTEMPATH\View\View.php(222): CodeIgniter\Exceptions\FrameworkException::forInvalidFile('header.php')
 2 SYSTEMPATH\Common.php(1171): CodeIgniter\View\View->render('header', [], true)
 3 APPPATH\Controllers\Home.php(23): view('header')
 4 SYSTEMPATH\CodeIgniter.php(933): App\Controllers\Home->blog()
 5 SYSTEMPATH\CodeIgniter.php(509): CodeIgniter\CodeIgniter->runController(Object(App\Controllers\Home))
 6 SYSTEMPATH\CodeIgniter.php(355): CodeIgniter\CodeIgniter->handleRequest(null, Object(Config\Cache), false)
 7 SYSTEMPATH\Boot.php(312): CodeIgniter\CodeIgniter->run()
 8 SYSTEMPATH\Boot.php(67): CodeIgniter\Boot::runCodeIgniter(Object(CodeIgniter\CodeIgniter))
 9 FCPATH\index.php(56): CodeIgniter\Boot::bootWeb(Object(Config\Paths))
CRITICAL - 2024-06-01 08:53:42 --> CodeIgniter\View\Exceptions\ViewException: Invalid file: "header.php"
[Method: GET, Route: blog]
in SYSTEMPATH\Exceptions\FrameworkException.php on line 41.
 1 SYSTEMPATH\View\View.php(222): CodeIgniter\Exceptions\FrameworkException::forInvalidFile('header.php')
 2 SYSTEMPATH\Common.php(1171): CodeIgniter\View\View->render('header', [], true)
 3 APPPATH\Controllers\Home.php(23): view('header')
 4 SYSTEMPATH\CodeIgniter.php(933): App\Controllers\Home->blog()
 5 SYSTEMPATH\CodeIgniter.php(509): CodeIgniter\CodeIgniter->runController(Object(App\Controllers\Home))
 6 SYSTEMPATH\CodeIgniter.php(355): CodeIgniter\CodeIgniter->handleRequest(null, Object(Config\Cache), false)
 7 SYSTEMPATH\Boot.php(312): CodeIgniter\CodeIgniter->run()
 8 SYSTEMPATH\Boot.php(67): CodeIgniter\Boot::runCodeIgniter(Object(CodeIgniter\CodeIgniter))
 9 FCPATH\index.php(56): CodeIgniter\Boot::bootWeb(Object(Config\Paths))
CRITICAL - 2024-06-01 09:27:46 --> ParseError: syntax error, unexpected token "break", expecting "," or ";"
[Method: GET, Route: excos]
in APPPATH\Controllers\Home.php on line 63.
 1 SYSTEMPATH\Autoloader\Autoloader.php(296): CodeIgniter\Autoloader\Autoloader->includeFile('C:\\xampp\\htdocs\\blogger\\app\\Controllers\\Home.php')
 2 SYSTEMPATH\Autoloader\Autoloader.php(272): CodeIgniter\Autoloader\Autoloader->loadInNamespace('App\\Controllers\\Home')
 3 [internal function]: CodeIgniter\Autoloader\Autoloader->loadClass('App\\Controllers\\Home')
 4 SYSTEMPATH\CodeIgniter.php(887): class_exists('\\App\\Controllers\\Home', true)
 5 SYSTEMPATH\CodeIgniter.php(496): CodeIgniter\CodeIgniter->startController()
 6 SYSTEMPATH\CodeIgniter.php(355): CodeIgniter\CodeIgniter->handleRequest(null, Object(Config\Cache), false)
 7 SYSTEMPATH\Boot.php(312): CodeIgniter\CodeIgniter->run()
 8 SYSTEMPATH\Boot.php(67): CodeIgniter\Boot::runCodeIgniter(Object(CodeIgniter\CodeIgniter))
 9 FCPATH\index.php(56): CodeIgniter\Boot::bootWeb(Object(Config\Paths))
CRITICAL - 2024-06-01 09:30:34 --> CodeIgniter\HTTP\Exceptions\HTTPException: 22 : The requested URL returned error: 404
[Method: GET, Route: about]
in SYSTEMPATH\HTTP\CURLRequest.php on line 693.
 1 SYSTEMPATH\HTTP\CURLRequest.php(693): CodeIgniter\HTTP\Exceptions\HTTPException::forCurlError('22', 'The requested URL returned error: 404')
 2 SYSTEMPATH\HTTP\CURLRequest.php(383): CodeIgniter\HTTP\CURLRequest->sendRequest([...])
 3 SYSTEMPATH\HTTP\CURLRequest.php(152): CodeIgniter\HTTP\CURLRequest->send('GET', 'https://www.googleapis.com/blogger/v3/blogs/7411005296495983982/pages/8976108313562892464?key=AIzaSyD6upaK01D8aLiToOM_wHaggXNmmxahl3k')
 4 APPPATH\Controllers\Home.php(146): CodeIgniter\HTTP\CURLRequest->request('GET', 'https://www.googleapis.com/blogger/v3/blogs/7411005296495983982/pages/8976108313562892464?key=AIzaSyD6upaK01D8aLiToOM_wHaggXNmmxahl3k')
 5 APPPATH\Controllers\Home.php(132): App\Controllers\Home->loadContent('https://www.googleapis.com/blogger/v3/blogs/7411005296495983982/pages/8976108313562892464?key=AIzaSyD6upaK01D8aLiToOM_wHaggXNmmxahl3k')
 6 APPPATH\Controllers\Home.php(57): App\Controllers\Home->loadPage('8976108313562892464')
 7 SYSTEMPATH\CodeIgniter.php(933): App\Controllers\Home->pages('about')
 8 SYSTEMPATH\CodeIgniter.php(509): CodeIgniter\CodeIgniter->runController(Object(App\Controllers\Home))
 9 SYSTEMPATH\CodeIgniter.php(355): CodeIgniter\CodeIgniter->handleRequest(null, Object(Config\Cache), false)
10 SYSTEMPATH\Boot.php(312): CodeIgniter\CodeIgniter->run()
11 SYSTEMPATH\Boot.php(67): CodeIgniter\Boot::runCodeIgniter(Object(CodeIgniter\CodeIgniter))
12 FCPATH\index.php(56): CodeIgniter\Boot::bootWeb(Object(Config\Paths))
CRITICAL - 2024-06-01 09:39:38 --> CodeIgniter\HTTP\Exceptions\HTTPException: 22 : The requested URL returned error: 404
[Method: GET, Route: about]
in SYSTEMPATH\HTTP\CURLRequest.php on line 693.
 1 SYSTEMPATH\HTTP\CURLRequest.php(693): CodeIgniter\HTTP\Exceptions\HTTPException::forCurlError('22', 'The requested URL returned error: 404')
 2 SYSTEMPATH\HTTP\CURLRequest.php(383): CodeIgniter\HTTP\CURLRequest->sendRequest([...])
 3 SYSTEMPATH\HTTP\CURLRequest.php(152): CodeIgniter\HTTP\CURLRequest->send('GET', 'https://www.googleapis.com/blogger/v3/blogs/7929797291362040934/pages/8976108313562892464?key=AIzaSyD6upaK01D8aLiToOM_wHaggXNmmxahl3k')
 4 APPPATH\Controllers\Home.php(146): CodeIgniter\HTTP\CURLRequest->request('GET', 'https://www.googleapis.com/blogger/v3/blogs/7929797291362040934/pages/8976108313562892464?key=AIzaSyD6upaK01D8aLiToOM_wHaggXNmmxahl3k')
 5 APPPATH\Controllers\Home.php(132): App\Controllers\Home->loadContent('https://www.googleapis.com/blogger/v3/blogs/7929797291362040934/pages/8976108313562892464?key=AIzaSyD6upaK01D8aLiToOM_wHaggXNmmxahl3k')
 6 APPPATH\Controllers\Home.php(57): App\Controllers\Home->loadPage('8976108313562892464')
 7 SYSTEMPATH\CodeIgniter.php(933): App\Controllers\Home->pages('about')
 8 SYSTEMPATH\CodeIgniter.php(509): CodeIgniter\CodeIgniter->runController(Object(App\Controllers\Home))
 9 SYSTEMPATH\CodeIgniter.php(355): CodeIgniter\CodeIgniter->handleRequest(null, Object(Config\Cache), false)
10 SYSTEMPATH\Boot.php(312): CodeIgniter\CodeIgniter->run()
11 SYSTEMPATH\Boot.php(67): CodeIgniter\Boot::runCodeIgniter(Object(CodeIgniter\CodeIgniter))
12 FCPATH\index.php(56): CodeIgniter\Boot::bootWeb(Object(Config\Paths))
CRITICAL - 2024-06-01 09:41:12 --> CodeIgniter\HTTP\Exceptions\HTTPException: 22 : The requested URL returned error: 404
[Method: GET, Route: about]
in SYSTEMPATH\HTTP\CURLRequest.php on line 693.
 1 SYSTEMPATH\HTTP\CURLRequest.php(693): CodeIgniter\HTTP\Exceptions\HTTPException::forCurlError('22', 'The requested URL returned error: 404')
 2 SYSTEMPATH\HTTP\CURLRequest.php(383): CodeIgniter\HTTP\CURLRequest->sendRequest([...])
 3 SYSTEMPATH\HTTP\CURLRequest.php(152): CodeIgniter\HTTP\CURLRequest->send('GET', 'https://www.googleapis.com/blogger/v3/blogs/7929797291362040934/pages/8976108313562892464?key=AIzaSyD6upaK01D8aLiToOM_wHaggXNmmxahl3k')
 4 APPPATH\Controllers\Home.php(146): CodeIgniter\HTTP\CURLRequest->request('GET', 'https://www.googleapis.com/blogger/v3/blogs/7929797291362040934/pages/8976108313562892464?key=AIzaSyD6upaK01D8aLiToOM_wHaggXNmmxahl3k')
 5 APPPATH\Controllers\Home.php(132): App\Controllers\Home->loadContent('https://www.googleapis.com/blogger/v3/blogs/7929797291362040934/pages/8976108313562892464?key=AIzaSyD6upaK01D8aLiToOM_wHaggXNmmxahl3k')
 6 APPPATH\Controllers\Home.php(57): App\Controllers\Home->loadPage('8976108313562892464')
 7 SYSTEMPATH\CodeIgniter.php(933): App\Controllers\Home->pages('about')
 8 SYSTEMPATH\CodeIgniter.php(509): CodeIgniter\CodeIgniter->runController(Object(App\Controllers\Home))
 9 SYSTEMPATH\CodeIgniter.php(355): CodeIgniter\CodeIgniter->handleRequest(null, Object(Config\Cache), false)
10 SYSTEMPATH\Boot.php(312): CodeIgniter\CodeIgniter->run()
11 SYSTEMPATH\Boot.php(67): CodeIgniter\Boot::runCodeIgniter(Object(CodeIgniter\CodeIgniter))
12 FCPATH\index.php(56): CodeIgniter\Boot::bootWeb(Object(Config\Paths))
